<?xml version="1.0" encoding="UTF-8"?>
<testng-results ignored="0" total="2" passed="2" failed="0" skipped="0">
  <reporter-output>
  </reporter-output>
  <suite started-at="2021-12-27T14:53:31 EST" name="Default suite" finished-at="2021-12-27T14:54:09 EST" duration-ms="37763">
    <groups>
    </groups>
    <test started-at="2021-12-27T14:53:31 EST" name="Default test" finished-at="2021-12-27T14:54:09 EST" duration-ms="37763">
      <class name="surveyMonkey.Test.CompareitemTest">
        <test-method is-config="true" signature="setup()[pri:0, instance:surveyMonkey.Test.CompareitemTest@4fb61f4a]" started-at="2021-12-27T14:53:31 EST" name="setup" finished-at="2021-12-27T14:53:45 EST" duration-ms="13497" status="PASS">
          <reporter-output>
          </reporter-output>
        </test-method> <!-- setup -->
        <test-method signature="CallPrintItemDetails()[pri:1, instance:surveyMonkey.Test.CompareitemTest@4fb61f4a]" started-at="2021-12-27T14:53:45 EST" name="CallPrintItemDetails" finished-at="2021-12-27T14:54:00 EST" duration-ms="15312" status="PASS">
          <reporter-output>
          </reporter-output>
        </test-method> <!-- CallPrintItemDetails -->
        <test-method signature="PageTwo()[pri:2, instance:surveyMonkey.Test.CompareitemTest@4fb61f4a]" started-at="2021-12-27T14:54:00 EST" name="PageTwo" finished-at="2021-12-27T14:54:09 EST" duration-ms="8882" status="PASS">
          <reporter-output>
          </reporter-output>
        </test-method> <!-- PageTwo -->
      </class> <!-- surveyMonkey.Test.CompareitemTest -->
    </test> <!-- Default test -->
  </suite> <!-- Default suite -->
</testng-results>
